#
# There is insufficient memory for the Java Runtime Environment to continue.
# Native memory allocation (mmap) failed to map 65536 bytes for Failed to commit metaspace.
# Possible reasons:
#   The system is out of physical RAM or swap space
#   The process is running with CompressedOops enabled, and the Java Heap may be blocking the growth of the native heap
# Possible solutions:
#   Reduce memory load on the system
#   Increase physical memory or swap space
#   Check if swap backing store is full
#   Decrease Java heap size (-Xmx/-Xms)
#   Decrease number of Java threads
#   Decrease Java thread stack sizes (-Xss)
#   Set larger code cache with -XX:ReservedCodeCacheSize=
#   JVM is running with Unscaled Compressed Oops mode in which the Java heap is
#     placed in the first 4GB address space. The Java Heap base address is the
#     maximum limit for the native heap growth. Please use -XX:HeapBaseMinAddress
#     to set the Java Heap base and to place the Java Heap above 4GB virtual address.
# This output file may be truncated or incomplete.
#
#  Out of Memory Error (virtualSpaceNode.cpp:110), pid=13348, tid=13440
#
# JRE version: OpenJDK Runtime Environment (20.0.2+9) (build 20.0.2+9-78)
# Java VM: OpenJDK 64-Bit Server VM (20.0.2+9-78, mixed mode, sharing, tiered, compressed oops, compressed class ptrs, g1 gc, windows-amd64)
# No core dump will be written. Minidumps are not enabled by default on client versions of Windows
#

---------------  S U M M A R Y ------------

Command Line: -javaagent:C:\Program Files\JetBrains\IntelliJ IDEA Community Edition 2023.1.4\lib\idea_rt.jar=59710:C:\Program Files\JetBrains\IntelliJ IDEA Community Edition 2023.1.4\bin -Dfile.encoding=UTF-8 -Dsun.stdout.encoding=UTF-8 -Dsun.stderr.encoding=UTF-8 org.example.omayopack.DragAndDropDemo

Host: Intel(R) Pentium(R) CPU 6405U @ 2.40GHz, 4 cores, 3G,  Windows 11 , 64 bit Build 22621 (10.0.22621.4974)
Time: Sun Mar 30 23:31:23 2025 India Standard Time elapsed time: 4.880780 seconds (0d 0h 0m 4s)

---------------  T H R E A D  ---------------

Current thread (0x000001a5f3d68a90):  JavaThread "HttpClient-1-SelectorManager" daemon [_thread_in_vm, id=13440, stack(0x000000a4d6000000,0x000000a4d6100000)]

Stack: [0x000000a4d6000000,0x000000a4d6100000]
Native frames: (J=compiled Java code, j=interpreted, Vv=VM code, C=native code)
V  [jvm.dll+0x6bc25a]
V  [jvm.dll+0x84971a]
V  [jvm.dll+0x84b315]
V  [jvm.dll+0x84ba13]
V  [jvm.dll+0x280e4f]
V  [jvm.dll+0x84565b]
V  [jvm.dll+0x660616]
V  [jvm.dll+0x1eb7b7]
V  [jvm.dll+0x663032]
V  [jvm.dll+0x662e1e]
V  [jvm.dll+0x66102e]
V  [jvm.dll+0x6721b9]
V  [jvm.dll+0x66b8ae]
V  [jvm.dll+0x3d9251]
C  0x000001a5e3f40ef6

Java frames: (J=compiled Java code, j=interpreted, Vv=VM code)
j  jdk.internal.net.http.SocketTube.signalClosed()V+0 java.net.http@20.0.2
j  jdk.internal.net.http.PlainHttpConnection.close()V+136 java.net.http@20.0.2
j  jdk.internal.net.http.ConnectionPool.cleanup(Ljdk/internal/net/http/HttpConnection;Ljava/lang/Throwable;)V+72 java.net.http@20.0.2
j  jdk.internal.net.http.ConnectionPool$CleanupTrigger.triggerCleanup(Ljava/lang/Throwable;)V+14 java.net.http@20.0.2
j  jdk.internal.net.http.ConnectionPool$CleanupTrigger.onComplete()V+2 java.net.http@20.0.2
j  jdk.internal.net.http.SocketTube$InternalReadPublisher$ReadSubscription.signalCompletion()V+181 java.net.http@20.0.2
j  jdk.internal.net.http.SocketTube$InternalReadPublisher$InternalReadSubscription.read()V+775 java.net.http@20.0.2
j  jdk.internal.net.http.SocketTube$InternalReadPublisher$InternalReadSubscription$$Lambda$315+0x000001a581131a50.run()V+4 java.net.http@20.0.2
j  jdk.internal.net.http.SocketTube$SocketFlowTask.run(Ljdk/internal/net/http/common/SequentialScheduler$DeferredCompleter;)V+34 java.net.http@20.0.2
j  jdk.internal.net.http.common.SequentialScheduler$SchedulableTask.run()V+14 java.net.http@20.0.2
j  jdk.internal.net.http.common.SequentialScheduler.runOrSchedule(Ljdk/internal/net/http/common/SequentialScheduler$SchedulableTask;Ljava/util/concurrent/Executor;)V+86 java.net.http@20.0.2
j  jdk.internal.net.http.common.SequentialScheduler.runOrSchedule()V+6 java.net.http@20.0.2
j  jdk.internal.net.http.SocketTube$InternalReadPublisher$InternalReadSubscription.signalReadable()V+4 java.net.http@20.0.2
j  jdk.internal.net.http.SocketTube$InternalReadPublisher$ReadEvent.signalEvent()V+18 java.net.http@20.0.2
j  jdk.internal.net.http.SocketTube$SocketFlowEvent.handle()V+5 java.net.http@20.0.2
j  jdk.internal.net.http.HttpClientImpl$SelectorManager.handleEvent(Ljdk/internal/net/http/AsyncEvent;Ljava/io/IOException;)V+29 java.net.http@20.0.2
j  jdk.internal.net.http.HttpClientImpl$SelectorManager.lambda$run$3(Ljava/io/IOException;Ljdk/internal/net/http/AsyncEvent;)V+3 java.net.http@20.0.2
j  jdk.internal.net.http.HttpClientImpl$SelectorManager$$Lambda$348+0x000001a581139c28.accept(Ljava/lang/Object;)V+12 java.net.http@20.0.2
j  java.util.ArrayList.forEach(Ljava/util/function/Consumer;)V+46 java.base@20.0.2
j  jdk.internal.net.http.HttpClientImpl$SelectorManager.run()V+1354 java.net.http@20.0.2
v  ~StubRoutines::call_stub 0x000001a5e3f21015

---------------  P R O C E S S  ---------------

Threads class SMR info:
_java_thread_list=0x000001a5f494e830, length=24, elements={
0x000001a5d3146d60, 0x000001a5efb342d0, 0x000001a5efb35e90, 0x000001a5efb374c0,
0x000001a5efb3afd0, 0x000001a5efb3b6c0, 0x000001a5efb43ef0, 0x000001a5efb4bdb0,
0x000001a5efb504a0, 0x000001a5f3d6ba60, 0x000001a5f3d68540, 0x000001a5f3d6afc0,
0x000001a5f3d69a80, 0x000001a5f3d68a90, 0x000001a5f3d6b510, 0x000001a5f3d68fe0,
0x000001a5f3d69530, 0x000001a5f3d69fd0, 0x000001a5f4a6af90, 0x000001a5f4a70f30,
0x000001a5f4a70490, 0x000001a5f4a6b4e0, 0x000001a5f4a6ff40, 0x000001a5f4a6bf80
}

Java Threads: ( => current thread )
  0x000001a5d3146d60 JavaThread "Forwarding newSession on session null to remote" [_thread_in_native, id=19216, stack(0x000000a4d4900000,0x000000a4d4a00000)]
  0x000001a5efb342d0 JavaThread "Reference Handler" daemon [_thread_blocked, id=19100, stack(0x000000a4d5000000,0x000000a4d5100000)]
  0x000001a5efb35e90 JavaThread "Finalizer" daemon [_thread_blocked, id=17832, stack(0x000000a4d5100000,0x000000a4d5200000)]
  0x000001a5efb374c0 JavaThread "Signal Dispatcher" daemon [_thread_blocked, id=19260, stack(0x000000a4d5200000,0x000000a4d5300000)]
  0x000001a5efb3afd0 JavaThread "Attach Listener" daemon [_thread_blocked, id=17928, stack(0x000000a4d5300000,0x000000a4d5400000)]
  0x000001a5efb3b6c0 JavaThread "Service Thread" daemon [_thread_blocked, id=10084, stack(0x000000a4d5400000,0x000000a4d5500000)]
  0x000001a5efb43ef0 JavaThread "Monitor Deflation Thread" daemon [_thread_blocked, id=18488, stack(0x000000a4d5500000,0x000000a4d5600000)]
  0x000001a5efb4bdb0 JavaThread "C2 CompilerThread0" daemon [_thread_blocked, id=18480, stack(0x000000a4d5600000,0x000000a4d5700000)]
  0x000001a5efb504a0 JavaThread "C1 CompilerThread0" daemon [_thread_blocked, id=16352, stack(0x000000a4d5700000,0x000000a4d5800000)]
  0x000001a5f3d6ba60 JavaThread "Common-Cleaner" daemon [_thread_blocked, id=18492, stack(0x000000a4d5800000,0x000000a4d5900000)]
  0x000001a5f3d68540 JavaThread "Monitor Ctrl-Break" daemon [_thread_in_native, id=17532, stack(0x000000a4d5900000,0x000000a4d5a00000)]
  0x000001a5f3d6afc0 JavaThread "Notification Thread" daemon [_thread_blocked, id=18580, stack(0x000000a4d5a00000,0x000000a4d5b00000)]
  0x000001a5f3d69a80 JavaThread "ForkJoinPool.commonPool-worker-1" daemon [_thread_blocked, id=14944, stack(0x000000a4d5c00000,0x000000a4d5d00000)]
=>0x000001a5f3d68a90 JavaThread "HttpClient-1-SelectorManager" daemon [_thread_in_vm, id=13440, stack(0x000000a4d6000000,0x000000a4d6100000)]
  0x000001a5f3d6b510 JavaThread "External Process Output Forwarder - C:\Users\HP\.cache\selenium\chromedriver\win64\134.0.6998.165\chromedriver.exe" daemon [_thread_in_native, id=9700, stack(0x000000a4d6100000,0x000000a4d6200000)]
  0x000001a5f3d68fe0 JavaThread "Driver Service Executor" daemon [_thread_blocked, id=3160, stack(0x000000a4d6200000,0x000000a4d6300000)]
  0x000001a5f3d69530 JavaThread "Driver Service Executor" daemon [_thread_in_native, id=19168, stack(0x000000a4d6300000,0x000000a4d6400000)]
  0x000001a5f3d69fd0 JavaThread "UrlChecker-2" daemon [_thread_blocked, id=17052, stack(0x000000a4d6400000,0x000000a4d6500000)]
  0x000001a5f4a6af90 JavaThread "Keep-Alive-Timer" daemon [_thread_blocked, id=1932, stack(0x000000a4d6600000,0x000000a4d6700000)]
  0x000001a5f4a70f30 JavaThread "JdkHttpClient-0-0" daemon [_thread_blocked, id=3172, stack(0x000000a4d6700000,0x000000a4d6800000)]
  0x000001a5f4a70490 JavaThread "CompletableFutureDelayScheduler" daemon [_thread_blocked, id=12040, stack(0x000000a4d6800000,0x000000a4d6900000)]
  0x000001a5f4a6b4e0 JavaThread "JdkHttpClient-0-1" daemon [_thread_blocked, id=18264, stack(0x000000a4d6900000,0x000000a4d6a00000)]
  0x000001a5f4a6ff40 JavaThread "JdkHttpClient-0-2" daemon [_thread_blocked, id=16920, stack(0x000000a4d6a00000,0x000000a4d6b00000)]
  0x000001a5f4a6bf80 JavaThread "JdkHttpClient-0-3" daemon [_thread_blocked, id=9256, stack(0x000000a4d6b00000,0x000000a4d6c00000)]

Other Threads:
  0x000001a5efb1a290 VMThread "VM Thread" [stack: 0x000000a4d4f00000,0x000000a4d5000000] [id=19380]
  0x000001a5d3147b90 WatcherThread "VM Periodic Task Thread" [stack: 0x000000a4d5b00000,0x000000a4d5c00000] [id=18924]
  0x000001a5d31857e0 WorkerThread "GC Thread#0" [stack: 0x000000a4d4a00000,0x000000a4d4b00000] [id=12004]
  0x000001a5f45b2070 WorkerThread "GC Thread#1" [stack: 0x000000a4d5d00000,0x000000a4d5e00000] [id=15028]
  0x000001a5f4741660 WorkerThread "GC Thread#2" [stack: 0x000000a4d5e00000,0x000000a4d5f00000] [id=17836]
  0x000001a5f45e3b80 WorkerThread "GC Thread#3" [stack: 0x000000a4d5f00000,0x000000a4d6000000] [id=19300]
  0x000001a5d318e0f0 ConcurrentGCThread "G1 Main Marker" [stack: 0x000000a4d4b00000,0x000000a4d4c00000] [id=10916]
  0x000001a5d318ecc0 WorkerThread "G1 Conc#0" [stack: 0x000000a4d4c00000,0x000000a4d4d00000] [id=8732]
  0x000001a5d31e3e70 ConcurrentGCThread "G1 Refine#0" [stack: 0x000000a4d4d00000,0x000000a4d4e00000] [id=10424]
  0x000001a5d31e6930 ConcurrentGCThread "G1 Service" [stack: 0x000000a4d4e00000,0x000000a4d4f00000] [id=18284]

Threads with active compile tasks:

VM state: not at safepoint (normal execution)

VM Mutex/Monitor currently owned by a thread:  ([mutex/lock_event])
[0x000001a5d313dd10] Metaspace_lock - owner thread: 0x000001a5f3d68a90

Heap address: 0x00000000c3000000, size: 976 MB, Compressed Oops mode: 32-bit

CDS archive(s) mapped at: [0x000001a580000000-0x000001a580c60000-0x000001a580c60000), size 12976128, SharedBaseAddress: 0x000001a580000000, ArchiveRelocationMode: 1.
Compressed class space mapped at: 0x000001a581000000-0x000001a5c1000000, reserved size: 1073741824
Narrow klass base: 0x000001a580000000, Narrow klass shift: 0, Narrow klass range: 0x100000000

GC Precious Log:
 CardTable entry size: 512
 Card Set container configuration: InlinePtr #cards 5 size 8 Array Of Cards #cards 12 size 40 Howl #buckets 4 coarsen threshold 1843 Howl Bitmap #cards 512 size 80 coarsen threshold 460 Card regions per heap region 1 cards per card region 2048
 CPUs: 4 total, 4 available
 Memory: 3900M
 Large Page Support: Disabled
 NUMA Support: Disabled
 Compressed Oops: Enabled (32-bit)
 Heap Region Size: 1M
 Heap Min Capacity: 8M
 Heap Initial Capacity: 62M
 Heap Max Capacity: 976M
 Pre-touch: Disabled
 Parallel Workers: 4
 Concurrent Workers: 1
 Concurrent Refinement Workers: 4
 Periodic GC: Disabled

Heap:
 garbage-first heap   total 63488K, used 15872K [0x00000000c3000000, 0x0000000100000000)
  region size 1024K, 14 young (14336K), 2 survivors (2048K)
 Metaspace       used 11157K, committed 11456K, reserved 1114112K
  class space    used 1309K, committed 1472K, reserved 1048576K

Heap Regions: E=young(eden), S=young(survivor), O=old, HS=humongous(starts), HC=humongous(continues), CS=collection set, F=free, OA=open archive, CA=closed archive, TAMS=top-at-mark-start, PB=parsable bottom
|   0|0x00000000c3000000, 0x00000000c3100000, 0x00000000c3100000|100%|HS|  |TAMS 0x00000000c3000000| PB 0x00000000c3000000| Complete 
|   1|0x00000000c3100000, 0x00000000c3200000, 0x00000000c3200000|100%| O|  |TAMS 0x00000000c3100000| PB 0x00000000c3100000| Untracked 
|   2|0x00000000c3200000, 0x00000000c3300000, 0x00000000c3300000|100%| O|  |TAMS 0x00000000c3200000| PB 0x00000000c3200000| Untracked 
|   3|0x00000000c3300000, 0x00000000c3380000, 0x00000000c3400000| 50%| O|  |TAMS 0x00000000c3300000| PB 0x00000000c3300000| Untracked 
|   4|0x00000000c3400000, 0x00000000c3400000, 0x00000000c3500000|  0%| F|  |TAMS 0x00000000c3400000| PB 0x00000000c3400000| Untracked 
|   5|0x00000000c3500000, 0x00000000c3500000, 0x00000000c3600000|  0%| F|  |TAMS 0x00000000c3500000| PB 0x00000000c3500000| Untracked 
|   6|0x00000000c3600000, 0x00000000c3600000, 0x00000000c3700000|  0%| F|  |TAMS 0x00000000c3600000| PB 0x00000000c3600000| Untracked 
|   7|0x00000000c3700000, 0x00000000c3700000, 0x00000000c3800000|  0%| F|  |TAMS 0x00000000c3700000| PB 0x00000000c3700000| Untracked 
|   8|0x00000000c3800000, 0x00000000c3800000, 0x00000000c3900000|  0%| F|  |TAMS 0x00000000c3800000| PB 0x00000000c3800000| Untracked 
|   9|0x00000000c3900000, 0x00000000c3900000, 0x00000000c3a00000|  0%| F|  |TAMS 0x00000000c3900000| PB 0x00000000c3900000| Untracked 
|  10|0x00000000c3a00000, 0x00000000c3a00000, 0x00000000c3b00000|  0%| F|  |TAMS 0x00000000c3a00000| PB 0x00000000c3a00000| Untracked 
|  11|0x00000000c3b00000, 0x00000000c3b00000, 0x00000000c3c00000|  0%| F|  |TAMS 0x00000000c3b00000| PB 0x00000000c3b00000| Untracked 
|  12|0x00000000c3c00000, 0x00000000c3c00000, 0x00000000c3d00000|  0%| F|  |TAMS 0x00000000c3c00000| PB 0x00000000c3c00000| Untracked 
|  13|0x00000000c3d00000, 0x00000000c3d00000, 0x00000000c3e00000|  0%| F|  |TAMS 0x00000000c3d00000| PB 0x00000000c3d00000| Untracked 
|  14|0x00000000c3e00000, 0x00000000c3e00000, 0x00000000c3f00000|  0%| F|  |TAMS 0x00000000c3e00000| PB 0x00000000c3e00000| Untracked 
|  15|0x00000000c3f00000, 0x00000000c3f00000, 0x00000000c4000000|  0%| F|  |TAMS 0x00000000c3f00000| PB 0x00000000c3f00000| Untracked 
|  16|0x00000000c4000000, 0x00000000c4000000, 0x00000000c4100000|  0%| F|  |TAMS 0x00000000c4000000| PB 0x00000000c4000000| Untracked 
|  17|0x00000000c4100000, 0x00000000c4100000, 0x00000000c4200000|  0%| F|  |TAMS 0x00000000c4100000| PB 0x00000000c4100000| Untracked 
|  18|0x00000000c4200000, 0x00000000c4200000, 0x00000000c4300000|  0%| F|  |TAMS 0x00000000c4200000| PB 0x00000000c4200000| Untracked 
|  19|0x00000000c4300000, 0x00000000c4300000, 0x00000000c4400000|  0%| F|  |TAMS 0x00000000c4300000| PB 0x00000000c4300000| Untracked 
|  20|0x00000000c4400000, 0x00000000c4400000, 0x00000000c4500000|  0%| F|  |TAMS 0x00000000c4400000| PB 0x00000000c4400000| Untracked 
|  21|0x00000000c4500000, 0x00000000c4500000, 0x00000000c4600000|  0%| F|  |TAMS 0x00000000c4500000| PB 0x00000000c4500000| Untracked 
|  22|0x00000000c4600000, 0x00000000c4600000, 0x00000000c4700000|  0%| F|  |TAMS 0x00000000c4600000| PB 0x00000000c4600000| Untracked 
|  23|0x00000000c4700000, 0x00000000c4700000, 0x00000000c4800000|  0%| F|  |TAMS 0x00000000c4700000| PB 0x00000000c4700000| Untracked 
|  24|0x00000000c4800000, 0x00000000c4800000, 0x00000000c4900000|  0%| F|  |TAMS 0x00000000c4800000| PB 0x00000000c4800000| Untracked 
|  25|0x00000000c4900000, 0x00000000c4900000, 0x00000000c4a00000|  0%| F|  |TAMS 0x00000000c4900000| PB 0x00000000c4900000| Untracked 
|  26|0x00000000c4a00000, 0x00000000c4a00000, 0x00000000c4b00000|  0%| F|  |TAMS 0x00000000c4a00000| PB 0x00000000c4a00000| Untracked 
|  27|0x00000000c4b00000, 0x00000000c4b00000, 0x00000000c4c00000|  0%| F|  |TAMS 0x00000000c4b00000| PB 0x00000000c4b00000| Untracked 
|  28|0x00000000c4c00000, 0x00000000c4c00000, 0x00000000c4d00000|  0%| F|  |TAMS 0x00000000c4c00000| PB 0x00000000c4c00000| Untracked 
|  29|0x00000000c4d00000, 0x00000000c4d00000, 0x00000000c4e00000|  0%| F|  |TAMS 0x00000000c4d00000| PB 0x00000000c4d00000| Untracked 
|  30|0x00000000c4e00000, 0x00000000c4e00000, 0x00000000c4f00000|  0%| F|  |TAMS 0x00000000c4e00000| PB 0x00000000c4e00000| Untracked 
|  31|0x00000000c4f00000, 0x00000000c4f00000, 0x00000000c5000000|  0%| F|  |TAMS 0x00000000c4f00000| PB 0x00000000c4f00000| Untracked 
|  32|0x00000000c5000000, 0x00000000c5000000, 0x00000000c5100000|  0%| F|  |TAMS 0x00000000c5000000| PB 0x00000000c5000000| Untracked 
|  33|0x00000000c5100000, 0x00000000c5100000, 0x00000000c5200000|  0%| F|  |TAMS 0x00000000c5100000| PB 0x00000000c5100000| Untracked 
|  34|0x00000000c5200000, 0x00000000c5200000, 0x00000000c5300000|  0%| F|  |TAMS 0x00000000c5200000| PB 0x00000000c5200000| Untracked 
|  35|0x00000000c5300000, 0x00000000c5300000, 0x00000000c5400000|  0%| F|  |TAMS 0x00000000c5300000| PB 0x00000000c5300000| Untracked 
|  36|0x00000000c5400000, 0x00000000c5400000, 0x00000000c5500000|  0%| F|  |TAMS 0x00000000c5400000| PB 0x00000000c5400000| Untracked 
|  37|0x00000000c5500000, 0x00000000c5500000, 0x00000000c5600000|  0%| F|  |TAMS 0x00000000c5500000| PB 0x00000000c5500000| Untracked 
|  38|0x00000000c5600000, 0x00000000c5600000, 0x00000000c5700000|  0%| F|  |TAMS 0x00000000c5600000| PB 0x00000000c5600000| Untracked 
|  39|0x00000000c5700000, 0x00000000c5700000, 0x00000000c5800000|  0%| F|  |TAMS 0x00000000c5700000| PB 0x00000000c5700000| Untracked 
|  40|0x00000000c5800000, 0x00000000c5800000, 0x00000000c5900000|  0%| F|  |TAMS 0x00000000c5800000| PB 0x00000000c5800000| Untracked 
|  41|0x00000000c5900000, 0x00000000c5900000, 0x00000000c5a00000|  0%| F|  |TAMS 0x00000000c5900000| PB 0x00000000c5900000| Untracked 
|  42|0x00000000c5a00000, 0x00000000c5a00000, 0x00000000c5b00000|  0%| F|  |TAMS 0x00000000c5a00000| PB 0x00000000c5a00000| Untracked 
|  43|0x00000000c5b00000, 0x00000000c5b00000, 0x00000000c5c00000|  0%| F|  |TAMS 0x00000000c5b00000| PB 0x00000000c5b00000| Untracked 
|  44|0x00000000c5c00000, 0x00000000c5c00000, 0x00000000c5d00000|  0%| F|  |TAMS 0x00000000c5c00000| PB 0x00000000c5c00000| Untracked 
|  45|0x00000000c5d00000, 0x00000000c5d00000, 0x00000000c5e00000|  0%| F|  |TAMS 0x00000000c5d00000| PB 0x00000000c5d00000| Untracked 
|  46|0x00000000c5e00000, 0x00000000c5e00000, 0x00000000c5f00000|  0%| F|  |TAMS 0x00000000c5e00000| PB 0x00000000c5e00000| Untracked 
|  47|0x00000000c5f00000, 0x00000000c6000000, 0x00000000c6000000|100%| S|CS|TAMS 0x00000000c5f00000| PB 0x00000000c5f00000| Complete 
|  48|0x00000000c6000000, 0x00000000c6100000, 0x00000000c6100000|100%| S|CS|TAMS 0x00000000c6000000| PB 0x00000000c6000000| Complete 
|  49|0x00000000c6100000, 0x00000000c6100000, 0x00000000c6200000|  0%| F|  |TAMS 0x00000000c6100000| PB 0x00000000c6100000| Untracked 
|  50|0x00000000c6200000, 0x00000000c627ae00, 0x00000000c6300000| 47%| E|  |TAMS 0x00000000c6200000| PB 0x00000000c6200000| Complete 
|  51|0x00000000c6300000, 0x00000000c6400000, 0x00000000c6400000|100%| E|CS|TAMS 0x00000000c6300000| PB 0x00000000c6300000| Complete 
|  52|0x00000000c6400000, 0x00000000c6500000, 0x00000000c6500000|100%| E|CS|TAMS 0x00000000c6400000| PB 0x00000000c6400000| Complete 
|  53|0x00000000c6500000, 0x00000000c6600000, 0x00000000c6600000|100%| E|CS|TAMS 0x00000000c6500000| PB 0x00000000c6500000| Complete 
|  54|0x00000000c6600000, 0x00000000c6700000, 0x00000000c6700000|100%| E|CS|TAMS 0x00000000c6600000| PB 0x00000000c6600000| Complete 
|  55|0x00000000c6700000, 0x00000000c6800000, 0x00000000c6800000|100%| E|CS|TAMS 0x00000000c6700000| PB 0x00000000c6700000| Complete 
|  56|0x00000000c6800000, 0x00000000c6900000, 0x00000000c6900000|100%| E|CS|TAMS 0x00000000c6800000| PB 0x00000000c6800000| Complete 
|  57|0x00000000c6900000, 0x00000000c6a00000, 0x00000000c6a00000|100%| E|CS|TAMS 0x00000000c6900000| PB 0x00000000c6900000| Complete 
|  58|0x00000000c6a00000, 0x00000000c6b00000, 0x00000000c6b00000|100%| E|CS|TAMS 0x00000000c6a00000| PB 0x00000000c6a00000| Complete 
|  59|0x00000000c6b00000, 0x00000000c6c00000, 0x00000000c6c00000|100%| E|CS|TAMS 0x00000000c6b00000| PB 0x00000000c6b00000| Complete 
|  60|0x00000000c6c00000, 0x00000000c6d00000, 0x00000000c6d00000|100%| E|CS|TAMS 0x00000000c6c00000| PB 0x00000000c6c00000| Complete 
|  61|0x00000000c6d00000, 0x00000000c6e00000, 0x00000000c6e00000|100%| E|  |TAMS 0x00000000c6d00000| PB 0x00000000c6d00000| Complete 

Card table byte_map: [0x000001a5ec220000,0x000001a5ec410000] _byte_map_base: 0x000001a5ebc08000

Marking Bits: (CMBitMap*) 0x000001a5d3185e10
 Bits: [0x000001a5ec600000, 0x000001a5ed540000)

Polling page: 0x000001a5d3200000

Metaspace:

Usage:
  Non-class:      9.62 MB used.
      Class:      1.28 MB used.
       Both:     10.90 MB used.

Virtual space:
  Non-class space:       64.00 MB reserved,       9.75 MB ( 15%) committed,  1 nodes.
      Class space:        1.00 GB reserved,       1.44 MB ( <1%) committed,  1 nodes.
             Both:        1.06 GB reserved,      11.19 MB (  1%) committed. 

Chunk freelists:
   Non-Class:  1.92 MB
       Class:  2.47 MB
        Both:  4.39 MB

MaxMetaspaceSize: unlimited
CompressedClassSpaceSize: 1.00 GB
Initial GC threshold: 21.00 MB
Current GC threshold: 21.00 MB
CDS: on
MetaspaceReclaimPolicy: balanced
 - commit_granule_bytes: 65536.
 - commit_granule_words: 8192.
 - virtual_space_node_default_size: 8388608.
 - enlarge_chunks_in_place: 1.
 - new_chunks_are_fully_committed: 0.
 - uncommit_free_chunks: 1.
 - use_allocation_guard: 0.


Internal statistics:

num_allocs_failed_limit: 0.
num_arena_births: 252.
num_arena_deaths: 0.
num_vsnodes_births: 2.
num_vsnodes_deaths: 0.
num_space_committed: 179.
num_space_uncommitted: 0.
num_chunks_returned_to_freelist: 0.
num_chunks_taken_from_freelist: 484.
num_chunk_merges: 0.
num_chunk_splits: 274.
num_chunks_enlarged: 156.
num_inconsistent_stats: 0.

CodeHeap 'non-profiled nmethods': size=120000Kb used=491Kb max_used=491Kb free=119508Kb
 bounds [0x000001a5e44c0000, 0x000001a5e4730000, 0x000001a5eb9f0000]
CodeHeap 'profiled nmethods': size=120000Kb used=3065Kb max_used=3065Kb free=116934Kb
 bounds [0x000001a5dc9f0000, 0x000001a5dccf0000, 0x000001a5e3f20000]
CodeHeap 'non-nmethods': size=5760Kb used=1502Kb max_used=1515Kb free=4257Kb
 bounds [0x000001a5e3f20000, 0x000001a5e4190000, 0x000001a5e44c0000]
 total_blobs=2152 nmethods=1626 adapters=438
 compilation: enabled
              stopped_count=0, restarted_count=0
 full_count=0

Compilation events (20 events):
Event: 4.821 Thread 0x000001a5efb504a0 1620       3       jdk.internal.org.objectweb.asm.ClassWriter::visitField (53 bytes)
Event: 4.821 Thread 0x000001a5efb504a0 nmethod 1620 0x000001a5dcce3490 code [0x000001a5dcce3640, 0x000001a5dcce3998]
Event: 4.821 Thread 0x000001a5efb504a0 1619       3       java.lang.invoke.InnerClassLambdaMetafactory::lambdaClassName (57 bytes)
Event: 4.822 Thread 0x000001a5efb504a0 nmethod 1619 0x000001a5dcce3b10 code [0x000001a5dcce3d60, 0x000001a5dcce44e0]
Event: 4.822 Thread 0x000001a5efb504a0 1615       3       java.lang.invoke.AbstractValidatingLambdaMetafactory::isAdaptableToAsReturnStrict (34 bytes)
Event: 4.823 Thread 0x000001a5efb504a0 nmethod 1615 0x000001a5dcce4810 code [0x000001a5dcce49e0, 0x000001a5dcce4f88]
Event: 4.823 Thread 0x000001a5efb504a0 1616   !   3       java.lang.invoke.InnerClassLambdaMetafactory::buildCallSite (150 bytes)
Event: 4.825 Thread 0x000001a5efb504a0 nmethod 1616 0x000001a5dcce5110 code [0x000001a5dcce54e0, 0x000001a5dcce6f28]
Event: 4.825 Thread 0x000001a5efb504a0 1617       3       java.lang.invoke.InnerClassLambdaMetafactory::spinInnerClass (118 bytes)
Event: 4.826 Thread 0x000001a5efb504a0 nmethod 1617 0x000001a5dcce7c90 code [0x000001a5dcce7e40, 0x000001a5dcce8128]
Event: 4.829 Thread 0x000001a5efb504a0 1621       3       org.openqa.selenium.json.Types::narrow (54 bytes)
Event: 4.829 Thread 0x000001a5efb504a0 nmethod 1621 0x000001a5dcce8210 code [0x000001a5dcce8440, 0x000001a5dcce8dc8]
Event: 4.829 Thread 0x000001a5efb504a0 1622       3       org.openqa.selenium.json.JsonInput::skipWhitespace (29 bytes)
Event: 4.830 Thread 0x000001a5efb504a0 nmethod 1622 0x000001a5dcce9010 code [0x000001a5dcce9240, 0x000001a5dcce9968]
Event: 4.830 Thread 0x000001a5efb504a0 1623       3       java.util.zip.ZipFile::getZipEntry (322 bytes)
Event: 4.834 Thread 0x000001a5efb504a0 nmethod 1623 0x000001a5dcce9c90 code [0x000001a5dccea0e0, 0x000001a5dccec710]
Event: 4.864 Thread 0x000001a5efb4bdb0 1624       4       java.util.Objects::requireNonNull (15 bytes)
Event: 4.865 Thread 0x000001a5efb4bdb0 nmethod 1624 0x000001a5e453ab10 code [0x000001a5e453ac80, 0x000001a5e453ad08]
Event: 4.867 Thread 0x000001a5efb504a0 1625       3       java.lang.invoke.MethodHandle::isAncestorLoaderOf (35 bytes)
Event: 4.868 Thread 0x000001a5efb504a0 nmethod 1625 0x000001a5dcced590 code [0x000001a5dcced7a0, 0x000001a5dccedf88]

GC Heap History (2 events):
Event: 3.676 GC heap before
{Heap before GC invocations=0 (full 0):
 garbage-first heap   total 63488K, used 13312K [0x00000000c3000000, 0x0000000100000000)
  region size 1024K, 13 young (13312K), 0 survivors (0K)
 Metaspace       used 6163K, committed 6400K, reserved 1114112K
  class space    used 694K, committed 768K, reserved 1048576K
}
Event: 3.687 GC heap after
{Heap after GC invocations=1 (full 0):
 garbage-first heap   total 63488K, used 5632K [0x00000000c3000000, 0x0000000100000000)
  region size 1024K, 2 young (2048K), 2 survivors (2048K)
 Metaspace       used 6163K, committed 6400K, reserved 1114112K
  class space    used 694K, committed 768K, reserved 1048576K
}

Dll operation events (13 events):
Event: 0.019 Loaded shared library C:\Users\HP\.jdks\openjdk-20.0.2\bin\java.dll
Event: 0.048 Loaded shared library C:\Users\HP\.jdks\openjdk-20.0.2\bin\jsvml.dll
Event: 0.222 Loaded shared library C:\Users\HP\.jdks\openjdk-20.0.2\bin\zip.dll
Event: 0.229 Loaded shared library C:\Users\HP\.jdks\openjdk-20.0.2\bin\instrument.dll
Event: 0.239 Loaded shared library C:\Users\HP\.jdks\openjdk-20.0.2\bin\net.dll
Event: 0.243 Loaded shared library C:\Users\HP\.jdks\openjdk-20.0.2\bin\nio.dll
Event: 0.250 Loaded shared library C:\Users\HP\.jdks\openjdk-20.0.2\bin\zip.dll
Event: 0.402 Loaded shared library C:\Program Files\JetBrains\IntelliJ IDEA Community Edition 2023.1.4\bin\breakgen64.dll
Event: 0.429 Loaded shared library C:\Users\HP\.jdks\openjdk-20.0.2\bin\extnet.dll
Event: 0.672 Loaded shared library C:\Users\HP\.jdks\openjdk-20.0.2\bin\jimage.dll
Event: 0.809 Loaded shared library C:\Users\HP\.jdks\openjdk-20.0.2\bin\management.dll
Event: 0.813 Loaded shared library C:\Users\HP\.jdks\openjdk-20.0.2\bin\management_ext.dll
Event: 4.018 Loaded shared library C:\Users\HP\.jdks\openjdk-20.0.2\bin\sunmscapi.dll

Deoptimization events (20 events):
Event: 4.614 Thread 0x000001a5f4a70f30 Uncommon trap: trap_request=0xffffff45 fr.pc=0x000001a5e450a62c relative=0x0000000000000b2c
Event: 4.614 Thread 0x000001a5f4a70f30 Uncommon trap: reason=unstable_if action=reinterpret pc=0x000001a5e450a62c method=java.util.concurrent.ConcurrentHashMap.addCount(JI)V @ 34 c2
Event: 4.614 Thread 0x000001a5f4a70f30 DEOPT PACKING pc=0x000001a5e450a62c sp=0x000000a4d67fcb40
Event: 4.614 Thread 0x000001a5f4a70f30 DEOPT UNPACKING pc=0x000001a5e3f89d1c sp=0x000000a4d67fca00 mode 2
Event: 4.617 Thread 0x000001a5f3d68a90 Uncommon trap: trap_request=0xffffffde fr.pc=0x000001a5e45385b0 relative=0x0000000000000130
Event: 4.617 Thread 0x000001a5f3d68a90 Uncommon trap: reason=class_check action=maybe_recompile pc=0x000001a5e45385b0 method=jdk.internal.misc.Unsafe.allocateUninitializedArray(Ljava/lang/Class;I)Ljava/lang/Object; @ 51 c2
Event: 4.617 Thread 0x000001a5f3d68a90 DEOPT PACKING pc=0x000001a5e45385b0 sp=0x000000a4d60fe290
Event: 4.617 Thread 0x000001a5f3d68a90 DEOPT UNPACKING pc=0x000001a5e3f89d1c sp=0x000000a4d60fe208 mode 2
Event: 4.617 Thread 0x000001a5f4a70f30 Uncommon trap: trap_request=0xffffffde fr.pc=0x000001a5e45385b0 relative=0x0000000000000130
Event: 4.617 Thread 0x000001a5f4a70f30 Uncommon trap: reason=class_check action=maybe_recompile pc=0x000001a5e45385b0 method=jdk.internal.misc.Unsafe.allocateUninitializedArray(Ljava/lang/Class;I)Ljava/lang/Object; @ 51 c2
Event: 4.617 Thread 0x000001a5f4a70f30 DEOPT PACKING pc=0x000001a5e45385b0 sp=0x000000a4d67fd440
Event: 4.617 Thread 0x000001a5f3d68a90 Uncommon trap: trap_request=0xffffffde fr.pc=0x000001a5e45385b0 relative=0x0000000000000130
Event: 4.617 Thread 0x000001a5f3d68a90 Uncommon trap: reason=class_check action=maybe_recompile pc=0x000001a5e45385b0 method=jdk.internal.misc.Unsafe.allocateUninitializedArray(Ljava/lang/Class;I)Ljava/lang/Object; @ 51 c2
Event: 4.617 Thread 0x000001a5f4a70f30 DEOPT UNPACKING pc=0x000001a5e3f89d1c sp=0x000000a4d67fd3b8 mode 2
Event: 4.617 Thread 0x000001a5f3d68a90 DEOPT PACKING pc=0x000001a5e45385b0 sp=0x000000a4d60fe3e0
Event: 4.617 Thread 0x000001a5f4a70f30 Uncommon trap: trap_request=0xffffffde fr.pc=0x000001a5e45385b0 relative=0x0000000000000130
Event: 4.617 Thread 0x000001a5f4a70f30 Uncommon trap: reason=class_check action=maybe_recompile pc=0x000001a5e45385b0 method=jdk.internal.misc.Unsafe.allocateUninitializedArray(Ljava/lang/Class;I)Ljava/lang/Object; @ 51 c2
Event: 4.617 Thread 0x000001a5f3d68a90 DEOPT UNPACKING pc=0x000001a5e3f89d1c sp=0x000000a4d60fe358 mode 2
Event: 4.617 Thread 0x000001a5f4a70f30 DEOPT PACKING pc=0x000001a5e45385b0 sp=0x000000a4d67fd260
Event: 4.617 Thread 0x000001a5f4a70f30 DEOPT UNPACKING pc=0x000001a5e3f89d1c sp=0x000000a4d67fd1d8 mode 2

Classes loaded (20 events):
Event: 4.784 Loading class java/util/ArrayList$ListItr
Event: 4.784 Loading class java/util/ArrayList$ListItr done
Event: 4.793 Loading class java/util/stream/ReferencePipeline$5
Event: 4.793 Loading class java/util/stream/LongPipeline$StatelessOp
Event: 4.793 Loading class java/util/stream/LongPipeline
Event: 4.795 Loading class java/util/stream/LongStream
Event: 4.795 Loading class java/util/stream/LongStream done
Event: 4.796 Loading class java/util/stream/LongPipeline done
Event: 4.796 Loading class java/util/stream/LongPipeline$StatelessOp done
Event: 4.796 Loading class java/util/stream/ReferencePipeline$5 done
Event: 4.796 Loading class java/util/stream/FindOps$FindSink$OfLong
Event: 4.797 Loading class java/util/stream/Sink$OfLong
Event: 4.797 Loading class java/util/stream/Sink$OfLong done
Event: 4.797 Loading class java/util/stream/FindOps$FindSink$OfLong done
Event: 4.797 Loading class java/util/OptionalLong
Event: 4.798 Loading class java/util/OptionalLong done
Event: 4.800 Loading class java/util/stream/ReferencePipeline$5$1
Event: 4.800 Loading class java/util/stream/ReferencePipeline$5$1 done
Event: 4.861 Loading class java/net/InetAddress$CachedLocalHost
Event: 4.861 Loading class java/net/InetAddress$CachedLocalHost done

Classes unloaded (0 events):
No events

Classes redefined (0 events):
No events

Internal exceptions (20 events):
Event: 3.478 Thread 0x000001a5d3146d60 Exception <a 'java/lang/NoSuchMethodError'{0x00000000c63f26b8}: 'long java.lang.invoke.DirectMethodHandle$Holder.invokeSpecial(java.lang.Object, java.lang.Object)'> (0x00000000c63f26b8) 
thrown [s\open\src\hotspot\share\interpreter\linkResolver.cpp, line 773]
Event: 3.571 Thread 0x000001a5d3146d60 Exception <a 'sun/nio/fs/WindowsException'{0x00000000c610d458}> (0x00000000c610d458) 
thrown [s\open\src\hotspot\share\prims\jni.cpp, line 519]
Event: 3.708 Thread 0x000001a5d3146d60 Exception <a 'java/lang/NoSuchMethodError'{0x00000000c6df3ca0}: 'void java.lang.invoke.DirectMethodHandle$Holder.invokeVirtual(java.lang.Object, java.lang.Object)'> (0x00000000c6df3ca0) 
thrown [s\open\src\hotspot\share\interpreter\linkResolver.cpp, line 773]
Event: 3.816 Thread 0x000001a5d3146d60 Exception <a 'java/lang/NoSuchMethodError'{0x00000000c69c5a60}: 'java.lang.Object java.lang.invoke.DirectMethodHandle$Holder.invokeStaticInit(java.lang.Object, int, int, int, int)'> (0x00000000c69c5a60) 
thrown [s\open\src\hotspot\share\interpreter\linkResolver.cpp, line 773]
Event: 3.952 Thread 0x000001a5d3146d60 Exception <a 'java/lang/NoSuchMethodError'{0x00000000c6891458}: 'java.lang.Object java.lang.invoke.DirectMethodHandle$Holder.invokeStaticInit(java.lang.Object, java.lang.Object, int, int, int, int)'> (0x00000000c6891458) 
thrown [s\open\src\hotspot\share\interpreter\linkResolver.cpp, line 773]
Event: 4.168 Thread 0x000001a5d3146d60 Exception <a 'java/lang/NoSuchMethodError'{0x00000000c67b9060}: 'java.lang.Object java.lang.invoke.DirectMethodHandle$Holder.invokeInterface(java.lang.Object, java.lang.Object, java.lang.Object)'> (0x00000000c67b9060) 
thrown [s\open\src\hotspot\share\interpreter\linkResolver.cpp, line 773]
Event: 4.169 Thread 0x000001a5d3146d60 Exception <a 'java/lang/IncompatibleClassChangeError'{0x00000000c67bc448}: Found class java.lang.Object, but interface was expected> (0x00000000c67bc448) 
thrown [s\open\src\hotspot\share\interpreter\linkResolver.cpp, line 840]
Event: 4.172 Thread 0x000001a5d3146d60 Exception <a 'java/lang/NoSuchMethodError'{0x00000000c67c48e0}: 'int java.lang.invoke.DirectMethodHandle$Holder.invokeSpecialIFC(java.lang.Object, java.lang.Object, java.lang.Object, java.lang.Object)'> (0x00000000c67c48e0) 
thrown [s\open\src\hotspot\share\interpreter\linkResolver.cpp, line 773]
Event: 4.179 Thread 0x000001a5d3146d60 Exception <a 'java/lang/NoSuchMethodError'{0x00000000c67e7200}: 'java.lang.Object java.lang.invoke.DirectMethodHandle$Holder.invokeVirtual(java.lang.Object, java.lang.Object, java.lang.Object, java.lang.Object)'> (0x00000000c67e7200) 
thrown [s\open\src\hotspot\share\interpreter\linkResolver.cpp, line 773]
Event: 4.235 Thread 0x000001a5f3d69fd0 Exception <a 'java/net/ConnectException'{0x00000000c6658c58}: Connection refused: no further information> (0x00000000c6658c58) 
thrown [s\open\src\hotspot\share\prims\jni.cpp, line 538]
Event: 4.257 Thread 0x000001a5f3d69fd0 Exception <a 'java/net/ConnectException'{0x00000000c6659d58}: Connection refused: no further information> (0x00000000c6659d58) 
thrown [s\open\src\hotspot\share\prims\jni.cpp, line 538]
Event: 4.304 Thread 0x000001a5f3d69fd0 Exception <a 'java/net/ConnectException'{0x00000000c665ac80}: Connection refused: no further information> (0x00000000c665ac80) 
thrown [s\open\src\hotspot\share\prims\jni.cpp, line 538]
Event: 4.439 Thread 0x000001a5d3146d60 Exception <a 'java/lang/NoSuchMethodError'{0x00000000c65110e0}: 'java.lang.Object java.lang.invoke.DirectMethodHandle$Holder.newInvokeSpecial(java.lang.Object, java.lang.Object, int, int)'> (0x00000000c65110e0) 
thrown [s\open\src\hotspot\share\interpreter\linkResolver.cpp, line 773]
Event: 4.441 Thread 0x000001a5d3146d60 Exception <a 'java/lang/NoSuchMethodError'{0x00000000c651b390}: 'void java.lang.invoke.DirectMethodHandle$Holder.invokeStatic(java.lang.Object, java.lang.Object, int)'> (0x00000000c651b390) 
thrown [s\open\src\hotspot\share\interpreter\linkResolver.cpp, line 773]
Event: 4.468 Thread 0x000001a5d3146d60 Exception <a 'java/lang/NoSuchMethodError'{0x00000000c65979d0}: 'java.lang.Object java.lang.invoke.DirectMethodHandle$Holder.newInvokeSpecial(java.lang.Object, java.lang.Object, java.lang.Object, java.lang.Object, java.lang.Object)'> (0x00000000c65979d0) 
thrown [s\open\src\hotspot\share\interpreter\linkResolver.cpp, line 773]
Event: 4.557 Thread 0x000001a5f4a70f30 Exception <a 'java/lang/NoSuchMethodError'{0x00000000c649caa0}: 'java.lang.Object java.lang.invoke.DirectMethodHandle$Holder.invokeSpecial(java.lang.Object, java.lang.Object, java.lang.Object, java.lang.Object, int)'> (0x00000000c649caa0) 
thrown [s\open\src\hotspot\share\interpreter\linkResolver.cpp, line 773]
Event: 4.557 Thread 0x000001a5f4a70f30 Exception <a 'java/lang/NoSuchMethodError'{0x00000000c64a03e8}: 'java.lang.Object java.lang.invoke.Invokers$Holder.linkToTargetMethod(java.lang.Object, java.lang.Object, int, java.lang.Object)'> (0x00000000c64a03e8) 
thrown [s\open\src\hotspot\share\interpreter\linkResolver.cpp, line 773]
Event: 4.574 Thread 0x000001a5f4a70f30 Exception <a 'java/lang/NoSuchMethodError'{0x00000000c64bcea0}: 'void java.lang.invoke.DirectMethodHandle$Holder.invokeSpecial(java.lang.Object, java.lang.Object, java.lang.Object)'> (0x00000000c64bcea0) 
thrown [s\open\src\hotspot\share\interpreter\linkResolver.cpp, line 773]
Event: 4.595 Thread 0x000001a5f4a70f30 Exception <a 'java/lang/NoSuchMethodError'{0x00000000c64eef50}: 'void java.lang.invoke.DirectMethodHandle$Holder.invokeSpecial(java.lang.Object, java.lang.Object, java.lang.Object, java.lang.Object, java.lang.Object)'> (0x00000000c64eef50) 
thrown [s\open\src\hotspot\share\interpreter\linkResolver.cpp, line 773]
Event: 4.810 Thread 0x000001a5f4a6bf80 Exception <a 'java/lang/NoSuchMethodError'{0x00000000c63e9120}: 'void java.lang.invoke.DirectMethodHandle$Holder.invokeSpecial(java.lang.Object, java.lang.Object, java.lang.Object, java.lang.Object, java.lang.Object, java.lang.Object, java.lang.Object)'> (0x00000000c63e9120) 
thrown [s\open\src\hotspot\share\interpreter\linkResolver.cpp, line 773]

VM Operations (20 events):
Event: 1.847 Executing VM operation: Cleanup
Event: 1.848 Executing VM operation: Cleanup done
Event: 2.857 Executing VM operation: Cleanup
Event: 2.857 Executing VM operation: Cleanup done
Event: 3.489 Executing VM operation: HandshakeAllThreads
Event: 3.489 Executing VM operation: HandshakeAllThreads done
Event: 3.675 Executing VM operation: G1CollectForAllocation
Event: 3.687 Executing VM operation: G1CollectForAllocation done
Event: 4.202 Executing VM operation: HandshakeAllThreads
Event: 4.208 Executing VM operation: HandshakeAllThreads done
Event: 4.208 Executing VM operation: HandshakeAllThreads
Event: 4.209 Executing VM operation: HandshakeAllThreads done
Event: 4.367 Executing VM operation: HandshakeAllThreads
Event: 4.367 Executing VM operation: HandshakeAllThreads done
Event: 4.779 Executing VM operation: HandshakeAllThreads
Event: 4.779 Executing VM operation: HandshakeAllThreads done
Event: 4.779 Executing VM operation: Cleanup
Event: 4.780 Executing VM operation: Cleanup done
Event: 4.785 Executing VM operation: HandshakeAllThreads
Event: 4.785 Executing VM operation: HandshakeAllThreads done

Events (20 events):
Event: 0.071 Thread 0x000001a5efb43ef0 Thread added: 0x000001a5efb43ef0
Event: 0.071 Thread 0x000001a5efb4bdb0 Thread added: 0x000001a5efb4bdb0
Event: 0.072 Thread 0x000001a5efb504a0 Thread added: 0x000001a5efb504a0
Event: 0.161 Thread 0x000001a5f3d6ba60 Thread added: 0x000001a5f3d6ba60
Event: 0.403 Thread 0x000001a5f3d68540 Thread added: 0x000001a5f3d68540
Event: 0.403 Thread 0x000001a5f3d6afc0 Thread added: 0x000001a5f3d6afc0
Event: 0.939 Thread 0x000001a5f3d69fd0 Thread added: 0x000001a5f3d69fd0
Event: 3.200 Thread 0x000001a5f3d69fd0 Thread exited: 0x000001a5f3d69fd0
Event: 3.363 Thread 0x000001a5f3d69a80 Thread added: 0x000001a5f3d69a80
Event: 4.124 Thread 0x000001a5f3d68a90 Thread added: 0x000001a5f3d68a90
Event: 4.200 Thread 0x000001a5f3d6b510 Thread added: 0x000001a5f3d6b510
Event: 4.209 Thread 0x000001a5f3d68fe0 Thread added: 0x000001a5f3d68fe0
Event: 4.210 Thread 0x000001a5f3d69530 Thread added: 0x000001a5f3d69530
Event: 4.221 Thread 0x000001a5f3d69fd0 Thread added: 0x000001a5f3d69fd0
Event: 4.366 Thread 0x000001a5f4a6af90 Thread added: 0x000001a5f4a6af90
Event: 4.490 Thread 0x000001a5f4a70f30 Thread added: 0x000001a5f4a70f30
Event: 4.497 Thread 0x000001a5f4a70490 Thread added: 0x000001a5f4a70490
Event: 4.615 Thread 0x000001a5f4a6b4e0 Thread added: 0x000001a5f4a6b4e0
Event: 4.623 Thread 0x000001a5f4a6ff40 Thread added: 0x000001a5f4a6ff40
Event: 4.624 Thread 0x000001a5f4a6bf80 Thread added: 0x000001a5f4a6bf80


Dynamic libraries:
0x00007ff7224f0000 - 0x00007ff7224fe000 	C:\Users\HP\.jdks\openjdk-20.0.2\bin\java.exe
0x00007ff830910000 - 0x00007ff830b27000 	C:\WINDOWS\SYSTEM32\ntdll.dll
0x00007ff82f4d0000 - 0x00007ff82f594000 	C:\WINDOWS\System32\KERNEL32.DLL
0x00007ff82dbc0000 - 0x00007ff82df91000 	C:\WINDOWS\System32\KERNELBASE.dll
0x00007ff82e350000 - 0x00007ff82e461000 	C:\WINDOWS\System32\ucrtbase.dll
0x00007ff81fc00000 - 0x00007ff81fc1b000 	C:\Users\HP\.jdks\openjdk-20.0.2\bin\VCRUNTIME140.dll
0x00007ff829cc0000 - 0x00007ff829cd7000 	C:\Users\HP\.jdks\openjdk-20.0.2\bin\jli.dll
0x00007ff814690000 - 0x00007ff814922000 	C:\WINDOWS\WinSxS\amd64_microsoft.windows.common-controls_6595b64144ccf1df_6.0.22621.4830_none_270fe7d773858e80\COMCTL32.dll
0x00007ff82f870000 - 0x00007ff82fa21000 	C:\WINDOWS\System32\USER32.dll
0x00007ff82e040000 - 0x00007ff82e066000 	C:\WINDOWS\System32\win32u.dll
0x00007ff82ea70000 - 0x00007ff82ea99000 	C:\WINDOWS\System32\GDI32.dll
0x00007ff82ff90000 - 0x00007ff830037000 	C:\WINDOWS\System32\msvcrt.dll
0x00007ff82e1b0000 - 0x00007ff82e2cb000 	C:\WINDOWS\System32\gdi32full.dll
0x00007ff82dfa0000 - 0x00007ff82e03a000 	C:\WINDOWS\System32\msvcp_win.dll
0x00007ff82e9a0000 - 0x00007ff82e9d1000 	C:\WINDOWS\System32\IMM32.DLL
0x00007ff829cf0000 - 0x00007ff829cfc000 	C:\Users\HP\.jdks\openjdk-20.0.2\bin\vcruntime140_1.dll
0x00007ff800760000 - 0x00007ff8007ee000 	C:\Users\HP\.jdks\openjdk-20.0.2\bin\msvcp140.dll
0x00007ffff76f0000 - 0x00007ffff8388000 	C:\Users\HP\.jdks\openjdk-20.0.2\bin\server\jvm.dll
0x00007ff82f7b0000 - 0x00007ff82f861000 	C:\WINDOWS\System32\ADVAPI32.dll
0x00007ff82e8f0000 - 0x00007ff82e997000 	C:\WINDOWS\System32\sechost.dll
0x00007ff82dad0000 - 0x00007ff82daf8000 	C:\WINDOWS\System32\bcrypt.dll
0x00007ff82f5a0000 - 0x00007ff82f6b4000 	C:\WINDOWS\System32\RPCRT4.dll
0x00007ff828d80000 - 0x00007ff828db4000 	C:\WINDOWS\SYSTEM32\WINMM.dll
0x00007ff80bab0000 - 0x00007ff80bab9000 	C:\WINDOWS\SYSTEM32\WSOCK32.dll
0x00007ff827b10000 - 0x00007ff827b1a000 	C:\WINDOWS\SYSTEM32\VERSION.dll
0x00007ff82fa30000 - 0x00007ff82faa1000 	C:\WINDOWS\System32\WS2_32.dll
0x00007ff82caa0000 - 0x00007ff82cab8000 	C:\WINDOWS\SYSTEM32\kernel.appcore.dll
0x00007ff828fc0000 - 0x00007ff828fca000 	C:\Users\HP\.jdks\openjdk-20.0.2\bin\jimage.dll
0x00007ff81f780000 - 0x00007ff81f9b2000 	C:\WINDOWS\SYSTEM32\DBGHELP.DLL
0x00007ff82eb10000 - 0x00007ff82eea0000 	C:\WINDOWS\System32\combase.dll
0x00007ff82e800000 - 0x00007ff82e8d7000 	C:\WINDOWS\System32\OLEAUT32.dll
0x00007ff80a0d0000 - 0x00007ff80a102000 	C:\WINDOWS\SYSTEM32\dbgcore.DLL
0x00007ff82da50000 - 0x00007ff82dacb000 	C:\WINDOWS\System32\bcryptPrimitives.dll
0x00007ff828fb0000 - 0x00007ff828fbe000 	C:\Users\HP\.jdks\openjdk-20.0.2\bin\instrument.dll
0x00007ff81f6c0000 - 0x00007ff81f6e6000 	C:\Users\HP\.jdks\openjdk-20.0.2\bin\java.dll
0x00007fffff1d0000 - 0x00007fffff2a7000 	C:\Users\HP\.jdks\openjdk-20.0.2\bin\jsvml.dll
0x00007ff830040000 - 0x00007ff8308c8000 	C:\WINDOWS\System32\SHELL32.dll
0x00007ff82e070000 - 0x00007ff82e1af000 	C:\WINDOWS\System32\wintypes.dll
0x00007ff82b9b0000 - 0x00007ff82c2bd000 	C:\WINDOWS\SYSTEM32\windows.storage.dll
0x00007ff82f390000 - 0x00007ff82f49a000 	C:\WINDOWS\System32\SHCORE.dll
0x00007ff82fd70000 - 0x00007ff82fdce000 	C:\WINDOWS\System32\shlwapi.dll
0x00007ff82d980000 - 0x00007ff82d9ab000 	C:\WINDOWS\SYSTEM32\profapi.dll
0x00007ff81a210000 - 0x00007ff81a228000 	C:\Users\HP\.jdks\openjdk-20.0.2\bin\zip.dll
0x00007ff81f6a0000 - 0x00007ff81f6b3000 	C:\Users\HP\.jdks\openjdk-20.0.2\bin\net.dll
0x00007ff827850000 - 0x00007ff82797c000 	C:\WINDOWS\SYSTEM32\WINHTTP.dll
0x00007ff82cf10000 - 0x00007ff82cf7a000 	C:\WINDOWS\system32\mswsock.dll
0x00007ff81a230000 - 0x00007ff81a246000 	C:\Users\HP\.jdks\openjdk-20.0.2\bin\nio.dll
0x00007ff81fe10000 - 0x00007ff81fe2a000 	C:\Program Files\JetBrains\IntelliJ IDEA Community Edition 2023.1.4\bin\breakgen64.dll
0x00007ff81f690000 - 0x00007ff81f697000 	C:\Users\HP\.jdks\openjdk-20.0.2\bin\extnet.dll
0x00007ff82c5e0000 - 0x00007ff82c6e2000 	C:\WINDOWS\SYSTEM32\DNSAPI.dll
0x00007ff82c560000 - 0x00007ff82c58d000 	C:\WINDOWS\SYSTEM32\IPHLPAPI.DLL
0x00007ff82f4c0000 - 0x00007ff82f4c9000 	C:\WINDOWS\System32\NSI.dll
0x00007ff8103a0000 - 0x00007ff8103aa000 	C:\Windows\System32\rasadhlp.dll
0x00007ff825cd0000 - 0x00007ff825d53000 	C:\WINDOWS\System32\fwpuclnt.dll
0x00007ff828e30000 - 0x00007ff828e3a000 	C:\Users\HP\.jdks\openjdk-20.0.2\bin\management.dll
0x00007ff81fec0000 - 0x00007ff81fecb000 	C:\Users\HP\.jdks\openjdk-20.0.2\bin\management_ext.dll
0x00007ff82e8e0000 - 0x00007ff82e8e8000 	C:\WINDOWS\System32\PSAPI.DLL
0x00007ff82d170000 - 0x00007ff82d18b000 	C:\WINDOWS\SYSTEM32\CRYPTSP.dll
0x00007ff82ca00000 - 0x00007ff82ca37000 	C:\WINDOWS\system32\rsaenh.dll
0x00007ff82d000000 - 0x00007ff82d028000 	C:\WINDOWS\SYSTEM32\USERENV.dll
0x00007ff82d160000 - 0x00007ff82d16c000 	C:\WINDOWS\SYSTEM32\CRYPTBASE.dll
0x00007ff827a40000 - 0x00007ff827a59000 	C:\WINDOWS\SYSTEM32\dhcpcsvc6.DLL
0x00007ff827810000 - 0x00007ff82782f000 	C:\WINDOWS\SYSTEM32\dhcpcsvc.DLL
0x00007ff81fe00000 - 0x00007ff81fe0e000 	C:\Users\HP\.jdks\openjdk-20.0.2\bin\sunmscapi.dll
0x00007ff82e470000 - 0x00007ff82e5d6000 	C:\WINDOWS\System32\CRYPT32.dll
0x00007ff82d320000 - 0x00007ff82d34d000 	C:\WINDOWS\SYSTEM32\ncrypt.dll
0x00007ff82d2e0000 - 0x00007ff82d317000 	C:\WINDOWS\SYSTEM32\NTASN1.dll
0x00007ffffaec0000 - 0x00007ffffaec8000 	C:\WINDOWS\system32\wshunix.dll
0x00007ff805500000 - 0x00007ff805517000 	C:\WINDOWS\system32\napinsp.dll
0x00007ff804140000 - 0x00007ff80415b000 	C:\WINDOWS\system32\pnrpnsp.dll
0x00007ff804190000 - 0x00007ff8041a1000 	C:\WINDOWS\System32\winrnr.dll
0x00007ff8040d0000 - 0x00007ff8040f7000 	C:\WINDOWS\system32\nlansp_c.dll

dbghelp: loaded successfully - version: 4.0.5 - missing functions: none
symbol engine: initialized successfully - sym options: 0x614 - pdb path: (cannot be retrieved)

VM Arguments:
jvm_args: -javaagent:C:\Program Files\JetBrains\IntelliJ IDEA Community Edition 2023.1.4\lib\idea_rt.jar=59710:C:\Program Files\JetBrains\IntelliJ IDEA Community Edition 2023.1.4\bin -Dfile.encoding=UTF-8 -Dsun.stdout.encoding=UTF-8 -Dsun.stderr.encoding=UTF-8 
java_command: org.example.omayopack.DragAndDropDemo
java_class_path (initial): C:\seleniumproject\target\classes;C:\Users\HP\.m2\repository\org\seleniumhq\selenium\selenium-java\4.30.0\selenium-java-4.30.0.jar;C:\Users\HP\.m2\repository\org\seleniumhq\selenium\selenium-api\4.30.0\selenium-api-4.30.0.jar;C:\Users\HP\.m2\repository\org\jspecify\jspecify\1.0.0\jspecify-1.0.0.jar;C:\Users\HP\.m2\repository\org\seleniumhq\selenium\selenium-chrome-driver\4.30.0\selenium-chrome-driver-4.30.0.jar;C:\Users\HP\.m2\repository\com\google\auto\service\auto-service-annotations\1.1.1\auto-service-annotations-1.1.1.jar;C:\Users\HP\.m2\repository\org\seleniumhq\selenium\selenium-chromium-driver\4.30.0\selenium-chromium-driver-4.30.0.jar;C:\Users\HP\.m2\repository\org\seleniumhq\selenium\selenium-json\4.30.0\selenium-json-4.30.0.jar;C:\Users\HP\.m2\repository\org\seleniumhq\selenium\selenium-manager\4.30.0\selenium-manager-4.30.0.jar;C:\Users\HP\.m2\repository\org\seleniumhq\selenium\selenium-devtools-v132\4.30.0\selenium-devtools-v132-4.30.0.jar;C:\Users\HP\.m2\repository\org\seleniumhq\selenium\selenium-devtools-v133\4.30.0\selenium-devtools-v133-4.30.0.jar;C:\Users\HP\.m2\repository\org\seleniumhq\selenium\selenium-devtools-v134\4.30.0\selenium-devtools-v134-4.30.0.jar;C:\Users\HP\.m2\repository\org\seleniumhq\selenium\selenium-edge-driver\4.30.0\selenium-edge-driver-4.30.0.jar;C:\Users\HP\.m2\repository\org\seleniumhq\selenium\selenium-firefox-driver\4.30.0\selenium-firefox-driver-4.30.0.jar;C:\Users\HP\.m2\repository\org\seleniumhq\selenium\selenium-http\4.30.0\selenium-http-4.30.0.jar;C:\Users\HP\.m2\repository\org\seleniumhq\selenium\selenium-ie-driver\4.30.0\selenium-ie-driver-4.30.0.jar;C:\Users\HP\.m2\repository\org\seleniumhq\selenium\selenium-remote-driver\4.30.0\selenium-remote-driver-4.30.0.jar;C:\Users\HP\.m2\repository\com\google\guava\guava\33.4.5-jre\guava-33.4.5-jre.jar;C:\Users\HP\.m2\repository\com\google\guava\failureaccess\1.0.3\failureaccess-1.0.3.jar;C:\Users\HP\.m2\repository\com\google\guava\listenablefuture\9999.0-empty-to-avoid-conflict-with-guava\listenablefuture-9999.0-empty-to-avoid-conflict-with-guava.jar;C:\Users\HP\.m2\repository\com\google\errorprone\error_prone_annotations\2.36.0\error_prone_annotations-2.36.0.jar;C:\Users\HP\.m2\repository\com\google\j2objc\j2objc-annotations\3.0.0\j2objc-annotations-3.0.0.jar;C:\Users\HP\.m2\repository\io\opentelemetry\opentelemetry-api\1.48.0\opentelemetry-api-1.48.0.jar;C:\Users\HP\.m2\repository\io\opentelemetry\opentelemetry-context\1.48.0\opentelemetry-context-1.48.0.jar;C:\Users\HP\.m2\repository\io\opentelemetry\opentelemetry-exporter-logging\1.48.0\opentelemetry-exporter-logging-1.48.0.jar;C:\Users\HP\.m2\repository\io\opentelemetry\opentelemetry-sdk-common\1.48.0\opentelemetry-sdk-common-1.48.0.jar;C:\Users\HP\.m2\repository\io\opentelemetry\opentelemetry-sdk-extension-autoconfigure-spi\1.48.0\opentelemetry-sdk-extension-autoconfigure-spi-1.48.0.jar;C:\Users\HP\.m2\repository\io\opentelemetry\opentelemetry-sdk-extension-autoconfigure\1.48.0\opentelemetry-sdk-extension-autoconfigure-1.48.0.jar;C:\Users\HP\.m2\repository\io\opentelemetry\opentelemetry-sdk-trace\1.48.0\opentelemetry-sdk-trace-1.48.0.jar;C:\Users\HP\.m2\repository\io\opentelemetry\opentelemetry-sdk\1.48.0\opentelemetry-sdk-1.48.0.jar;C:\Users\HP\.m2\repository\io\opentelemetry\opentelemetry-sdk-metrics\1.48.0\opentelemetry-sdk-metrics-1.48.0.jar;C:\Users\HP\.m2\repository\io\opentelemetry\opentelemetry-sdk-logs\1.48.0\opentelemetry-sdk-logs-1.48.0.jar;C:\Users\HP\.m2\repository\net\bytebuddy\byte-buddy\1.17.2\byte-buddy-1.17.2.jar;C:\Users\HP\.m2\repository\org\seleniumhq\selenium\selenium-os\4.30.0\selenium-os-4.30.0.jar;C:\Users\HP\.m2\repository\org\apache\commons\commons-exec\1.4.0\commons-exec-1.4.0.jar;C:\Users\HP\.m2\repository\org\seleniumhq\selenium\selenium-safari-driver\4.30.0\selenium-safari-driver-4.30.0.jar;C:\Users\HP\.m2\repository\org\seleniumhq\selenium\selenium-support\4.30.0\selenium-support-4.30.0.jar;C:\Users\HP\.m2\repository\junit\junit\4.12\junit-4.12.jar;C:\Users\HP\.m2\repository\org\hamcrest\hamcrest-core\1.3\hamcrest-core-1.3.jar
Launcher Type: SUN_STANDARD

[Global flags]
     intx CICompilerCount                          = 3                                         {product} {ergonomic}
     uint ConcGCThreads                            = 1                                         {product} {ergonomic}
     uint G1ConcRefinementThreads                  = 4                                         {product} {ergonomic}
   size_t G1HeapRegionSize                         = 1048576                                   {product} {ergonomic}
    uintx GCDrainStackTargetSize                   = 64                                        {product} {ergonomic}
   size_t InitialHeapSize                          = 65011712                                  {product} {ergonomic}
   size_t MarkStackSize                            = 4194304                                   {product} {ergonomic}
   size_t MaxHeapSize                              = 1023410176                                {product} {ergonomic}
   size_t MaxNewSize                               = 613416960                                 {product} {ergonomic}
   size_t MinHeapDeltaBytes                        = 1048576                                   {product} {ergonomic}
   size_t MinHeapSize                              = 8388608                                   {product} {ergonomic}
    uintx NonNMethodCodeHeapSize                   = 5832780                                {pd product} {ergonomic}
    uintx NonProfiledCodeHeapSize                  = 122912730                              {pd product} {ergonomic}
    uintx ProfiledCodeHeapSize                     = 122912730                              {pd product} {ergonomic}
    uintx ReservedCodeCacheSize                    = 251658240                              {pd product} {ergonomic}
     bool SegmentedCodeCache                       = true                                      {product} {ergonomic}
   size_t SoftMaxHeapSize                          = 1023410176                             {manageable} {ergonomic}
     bool UseCompressedClassPointers               = true                           {product lp64_product} {ergonomic}
     bool UseCompressedOops                        = true                           {product lp64_product} {ergonomic}
     bool UseG1GC                                  = true                                      {product} {ergonomic}
     bool UseLargePagesIndividualAllocation        = false                                  {pd product} {ergonomic}

Logging:
Log output configuration:
 #0: stdout all=warning uptime,level,tags foldmultilines=false
 #1: stderr all=off uptime,level,tags foldmultilines=false

Environment Variables:
JAVA_HOME=C:\Program Files\Java\jdk-20
PATH=C:\Program Files\Common Files\Oracle\Java\javapath;C:\Program Files (x86)\Common Files\Oracle\Java\javapath;C:\WINDOWS\system32;C:\WINDOWS;C:\WINDOWS\System32\Wbem;C:\WINDOWS\System32\WindowsPowerShell\v1.0\;C:\WINDOWS\System32\OpenSSH\;C:\Program Files\dotnet\;C:\Program Files\Git\cmd;C:\Users\HP\Desktop\jdk-21_windows-x64_bin\jdk-21\bin;C:\Users\HP\Desktop\apache-maven-3.9.5-bin\apache-maven-3.9.5\bin;C:\Program Files\MySQL\MySQL Server 8.0\bin;C:\Program Files\Java\jdk-20\bin;C:\Program Files\MySQL\MySQL Shell 8.0\bin\;C:\Users\HP\AppData\Local\Microsoft\WindowsApps;
USERNAME=HP
OS=Windows_NT
PROCESSOR_IDENTIFIER=Intel64 Family 6 Model 142 Stepping 12, GenuineIntel
TMP=C:\Users\HP\AppData\Local\Temp
TEMP=C:\Users\HP\AppData\Local\Temp




---------------  S Y S T E M  ---------------

OS:
 Windows 11 , 64 bit Build 22621 (10.0.22621.4974)
OS uptime: 2 days 11:03 hours

CPU: total 4 (initial active 4) (2 cores per cpu, 2 threads per core) family 6 model 142 stepping 12 microcode 0xec, cx8, cmov, fxsr, ht, mmx, 3dnowpref, sse, sse2, sse3, ssse3, sse4.1, sse4.2, popcnt, lzcnt, tsc, tscinvbit, aes, erms, clmul, clflush, clflushopt, rdtscp

Memory: 4k page, system-wide physical 3900M (229M free)
TotalPageFile size 15676M (AvailPageFile size 0M)
current process WorkingSet (physical memory assigned to process): 85M, peak: 85M
current process commit charge ("private bytes"): 158M, peak: 158M

vm_info: OpenJDK 64-Bit Server VM (20.0.2+9-78) for windows-amd64 JRE (20.0.2+9-78), built on 2023-06-14T10:08:48Z by "mach5one" with MS VC++ 17.1 (VS2022)

END.
